<?xml version="1.0" encoding="UTF-8"?>
<testng-results ignored="0" total="2" passed="2" failed="0" skipped="0">
  <reporter-output>
  </reporter-output>
  <suite started-at="2024-03-24T10:43:40 CET" name="Test2403" finished-at="2024-03-24T10:43:45 CET" duration-ms="5117">
    <groups>
    </groups>
    <test started-at="2024-03-24T10:43:40 CET" name="Test2403" finished-at="2024-03-24T10:43:45 CET" duration-ms="5117">
      <class name="tests.Test01">
        <test-method is-config="true" signature="createLoad()[pri:0, instance:tests.Test01@6ca8564a]" started-at="2024-03-24T10:43:40 CET" name="createLoad" finished-at="2024-03-24T10:43:41 CET" duration-ms="810" status="PASS">
          <reporter-output>
          </reporter-output>
        </test-method> <!-- createLoad -->
        <test-method signature="test1CreateUser()[pri:1, instance:tests.Test01@6ca8564a]" started-at="2024-03-24T10:43:41 CET" name="test1CreateUser" finished-at="2024-03-24T10:43:44 CET" duration-ms="3534" status="PASS">
          <reporter-output>
          </reporter-output>
        </test-method> <!-- test1CreateUser -->
        <test-method signature="test2GetUser()[pri:2, instance:tests.Test01@6ca8564a]" started-at="2024-03-24T10:43:44 CET" name="test2GetUser" finished-at="2024-03-24T10:43:45 CET" duration-ms="711" status="PASS">
          <reporter-output>
          </reporter-output>
        </test-method> <!-- test2GetUser -->
      </class> <!-- tests.Test01 -->
    </test> <!-- Test2403 -->
  </suite> <!-- Test2403 -->
</testng-results>
