<?xml version="1.0" encoding="UTF-8"?>
<testsuite xmlns:xsi="http://www.w3.org/2001/XMLSchema-instance" xsi:noNamespaceSchemaLocation="https://maven.apache.org/surefire/maven-surefire-plugin/xsd/surefire-test-report-3.0.xsd" version="3.0" name="TestSuite" time="5.777" tests="2" errors="0" skipped="0" failures="0">
  <properties>
[...]
</properties>
  <testcase name="test1CreateUser" classname="tests.Test01" time="3.541">
    <system-out><![CDATA[HTTP/1.1 200 OK
Date: Sun, 24 Mar 2024 09:43:44 GMT
Content-Type: application/json
Transfer-Encoding: chunked
Connection: keep-alive
Access-Control-Allow-Origin: *
Access-Control-Allow-Methods: GET, POST, DELETE, PUT
Access-Control-Allow-Headers: Content-Type, api_key, Authorization
Server: Jetty(9.2.9.v20150224)

{
    "code": 200,
    "type": "unknown",
    "message": "494"
}
]]></system-out>
    <system-err><![CDATA[SLF4J: Failed to load class "org.slf4j.impl.StaticLoggerBinder".
SLF4J: Defaulting to no-operation (NOP) logger implementation
SLF4J: See http://www.slf4j.org/codes.html#StaticLoggerBinder for further details.
]]></system-err>
  </testcase>
  <testcase name="test2GetUser" classname="tests.Test01" time="0.729">
    <system-out><![CDATA[HTTP/1.1 200 OK
Date: Sun, 24 Mar 2024 09:43:44 GMT
Content-Type: application/json
Transfer-Encoding: chunked
Connection: keep-alive
Access-Control-Allow-Origin: *
Access-Control-Allow-Methods: GET, POST, DELETE, PUT
Access-Control-Allow-Headers: Content-Type, api_key, Authorization
Server: Jetty(9.2.9.v20150224)

{
    "id": 494,
    "username": "marquis.jaskolski",
    "firstName": "Mervin",
    "lastName": "Bergstrom",
    "email": "rupert.reichert@gmail.com",
    "password": "5bhzbv8ub9",
    "phone": "com.github.javafaker.PhoneNumber@52737c1",
    "userStatus": 0
}
]]></system-out>
  </testcase>
</testsuite>