<?xml version="1.0" encoding="UTF-8"?>
<testng-results ignored="0" total="2" passed="2" failed="0" skipped="0">
  <reporter-output>
  </reporter-output>
  <suite started-at="2024-03-24T10:31:52 CET" name="Test2403" finished-at="2024-03-24T10:31:56 CET" duration-ms="4377">
    <groups>
    </groups>
    <test started-at="2024-03-24T10:31:52 CET" name="Test2403" finished-at="2024-03-24T10:31:56 CET" duration-ms="4377">
      <class name="tests.Test01">
        <test-method is-config="true" signature="createLoad()[pri:0, instance:tests.Test01@74f0ea28]" started-at="2024-03-24T10:31:52 CET" name="createLoad" finished-at="2024-03-24T10:31:52 CET" duration-ms="416" status="PASS">
          <reporter-output>
          </reporter-output>
        </test-method> <!-- createLoad -->
        <test-method signature="test1CreateUser()[pri:1, instance:tests.Test01@74f0ea28]" started-at="2024-03-24T10:31:52 CET" name="test1CreateUser" finished-at="2024-03-24T10:31:55 CET" duration-ms="3216" status="PASS">
          <reporter-output>
          </reporter-output>
        </test-method> <!-- test1CreateUser -->
        <test-method signature="test2GetUser()[pri:2, instance:tests.Test01@74f0ea28]" started-at="2024-03-24T10:31:55 CET" name="test2GetUser" finished-at="2024-03-24T10:31:56 CET" duration-ms="676" status="PASS">
          <reporter-output>
          </reporter-output>
        </test-method> <!-- test2GetUser -->
      </class> <!-- tests.Test01 -->
    </test> <!-- Test2403 -->
  </suite> <!-- Test2403 -->
</testng-results>
